<?xml version="1.0" encoding="UTF-8"?>
<testng-results skipped="0" failed="0" ignored="12" total="14" passed="2">
  <reporter-output>
  </reporter-output>
  <suite name="All Test Suite" duration-ms="13958" started-at="2022-09-21T03:24:41Z" finished-at="2022-09-21T03:24:55Z">
    <groups>
      <group name="smoke">
        <method signature="Test1.myntraApp()[pri:0, instance:Ex.Test1@79b4d0f]" name="myntraApp" class="Ex.Test1"/>
        <method signature="TestNgAnotations.method7()[pri:0, instance:Ex.TestNgAnotations@6b2fad11]" name="method7" class="Ex.TestNgAnotations"/>
      </group> <!-- smoke -->
    </groups>
    <test name="D:/VFC project/SeleniumClasses" duration-ms="13958" started-at="2022-09-21T03:24:41Z" finished-at="2022-09-21T03:24:55Z">
      <class name="Ex.TestNgAnotations">
        <test-method status="PASS" signature="method7()[pri:0, instance:Ex.TestNgAnotations@6b2fad11]" name="method7" duration-ms="1" started-at="2022-09-21T03:24:55Z" finished-at="2022-09-21T03:24:55Z">
          <reporter-output>
          </reporter-output>
        </test-method> <!-- method7 -->
      </class> <!-- Ex.TestNgAnotations -->
      <class name="Ex.Test1">
        <test-method status="PASS" signature="launchbrowser()[pri:0, instance:Ex.Test1@79b4d0f]" name="launchbrowser" is-config="true" duration-ms="55" started-at="2022-09-21T03:24:41Z" finished-at="2022-09-21T03:24:41Z">
          <reporter-output>
          </reporter-output>
        </test-method> <!-- launchbrowser -->
        <test-method status="PASS" signature="initBrowser()[pri:0, instance:Ex.Test1@79b4d0f]" name="initBrowser" is-config="true" duration-ms="5783" started-at="2022-09-21T03:24:42Z" finished-at="2022-09-21T03:24:47Z">
          <reporter-output>
          </reporter-output>
        </test-method> <!-- initBrowser -->
        <test-method status="PASS" signature="myntraApp()[pri:0, instance:Ex.Test1@79b4d0f]" name="myntraApp" duration-ms="8117" started-at="2022-09-21T03:24:47Z" finished-at="2022-09-21T03:24:55Z">
          <reporter-output>
          </reporter-output>
        </test-method> <!-- myntraApp -->
      </class> <!-- Ex.Test1 -->
    </test> <!-- D:/VFC project/SeleniumClasses -->
  </suite> <!-- All Test Suite -->
</testng-results>
